Code= 0, Character= a
Code= 0, Character= a
Code= 0, Character= a
Code= 0, Character= a
Code= 0, Character= a
Code= 0, Character= a
Code= 0, Character= s
Code= 0, Character= s
Code= 0, Character= s
Code= 0, Character= s
Code= 0, Character= s
Code= 0, Character= l
Code= 0, Character= l
Code= 0, Character= l
Code= 0, Character= l
Code= 0, Character= l
Code= 0, Character= j
Code= 0, Character= s
Code= 0, Character= l
Code= 0, Character= s
Code= 0, Character= s
Code= 0, Character= s
Code= 0, Character= l
Code= 0, Character= b
Code= 0, Character= b
Code= 0, Character= 1
Code= 0, Character= 2
Code= 0, Character= b
Code= 0, Character= b
Code= 0, Character= w
Code= 0, Character= w
Code= 0, Character= 1
Code= 0, Character= 1
Code= 0, Character= f
Code= 0, Character= s
Code= 0, Character= a
Code= 0, Character= s
Code= 0, Character= a
Code= 0, Character= x
Code= 0, Character= c
Code= 0, Character= c
Code= 0, Character= shutdown
Code= 0, Character= w
Code= 0, Character= w
Code= 0, Character= w
Code= 0, Character= w
Code= 0, Character= w
Code= 0, Character= l
Code= 0, Character= c
Code= 0, Character= s
Code= 0, Character= s
Code= 0, Character= s
Code= 0, Character= s
Code= 0, Character= s
Code= 0, Character= h
Code= 0, Character= h
Code= 0, Character= h
Code= 0, Character= l
Code= 0, Character= l
Code= 0, Character= l
Code= 0, Character= l
Code= 0, Character= l
Code= 0, Character= l
Code= 0, Character= l
Code= 0, Character= l
Code= 0, Character= l
Code= 0, Character= l
Code= 0, Character= l
Code= 0, Character= l
Code= 0, Character= l
Code= 0, Character= l
Code= 0, Character= l
Code= 0, Character= l
Code= 0, Character= l
Code= 0, Character= l
Code= 0, Character= l
Code= 0, Character= l
Code= 0, Character= l
Code= 0, Character= l
Code= 0, Character= l
Code= 0, Character= l
Code= 0, Character= l
Code= 0, Character= l
Code= 0, Character= l
Code= 0, Character= l
Code= 0, Character= l
Code= 0, Character= l
Code= 0, Character= l
Code= 0, Character= l
Code= 0, Character= l
Code= 0, Character= l
Code= 0, Character= l
Code= 0, Character= l
Code= 0, Character= l
Code= 0, Character= l
Code= 0, Character= l
Code= 0, Character= l
Code= 0, Character= l
Code= 0, Character= l
Code= 0, Character= l
Code= 0, Character= l
Code= 0, Character= l
Code= 0, Character= l
Code= 0, Character= l
Code= 0, Character= l
Code= 1, Character= l
Code= 0, Character= l
Code= 0, Character= s
Code= 0, Character= s
Code= 0, Character= s
Code= 0, Character= s
Code= 0, Character= s
Code= 0, Character= s
Code= 0, Character= s
Code= 0, Character= s
Code= 0, Character= s
Code= 0, Character= s
Code= 0, Character= s
Code= 0, Character= s
Code= 0, Character= s
Code= 0, Character= s
Code= 0, Character= s
Code= 0, Character= s
Code= 0, Character= s
Code= 0, Character= s
Code= 0, Character= s
Code= 0, Character= s
Code= 0, Character= s
Code= 0, Character= s
Code= 0, Character= s
Code= 0, Character= s
Code= 0, Character= s
Code= 0, Character= s
Code= 0, Character= s
Code= 0, Character= s
Code= 0, Character= s
Code= 0, Character= s
Code= 0, Character= s
Code= 0, Character= s
Code= 0, Character= s
Code= 0, Character= s
Code= 0, Character= s
Code= 0, Character= s
Code= 0, Character= s
Code= 1, Character= s
Code= 0, Character= s
Code= 0, Character= s
Code= 0, Character= s
Code= 0, Character= s
Code= 0, Character= s
Code= 0, Character= s
Code= 0, Character= s
Code= 0, Character= s
Code= 0, Character= s
Code= 0, Character= s
Code= 0, Character= s
Code= 0, Character= s
Code= 0, Character= s
Code= 0, Character= s
Code= 0, Character= s
Code= 0, Character= s
Code= 0, Character= s
Code= 0, Character= s
Code= 0, Character= s
Code= 0, Character= s
Code= 0, Character= s
Code= 0, Character= s
Code= 0, Character= s
Code= 0, Character= s
Code= 0, Character= s
Code= 0, Character= s
Code= 0, Character= s
Code= 0, Character= s
Code= 0, Character= s
Code= 0, Character= s
Code= 0, Character= s
Code= 0, Character= s
Code= 0, Character= s
Code= 0, Character= s
Code= 0, Character= s
Code= 0, Character= s
Code= 0, Character= s
Code= 0, Character= s
Code= 0, Character= s
Code= 0, Character= s
Code= 0, Character= s
Code= 0, Character= s
Code= 0, Character= s
Code= 0, Character= s
Code= 0, Character= s
Code= 0, Character= s
Code= 0, Character= s
Code= 0, Character= s
Code= 0, Character= s
Code= 0, Character= s
Code= 0, Character= s
Code= 0, Character= s
Code= 0, Character= s
Code= 0, Character= s
Code= 0, Character= s
Code= 0, Character= s
Code= 0, Character= s
Code= 0, Character= s
Code= 0, Character= s
Code= 0, Character= s
Code= 0, Character= s
Code= 0, Character= s
Code= 0, Character= s
Code= 0, Character= s
Code= 0, Character= s
Code= 0, Character= shutdown
Code= 0, Character= shutdownX
Code= 0, Character= shutdownX
Code= 0, Character= shutdownX
Code= 0, Character= shutdownX
Code= 0, Character= shutdownX
Code= 0, Character= shutdownX
Code= 0, Character= 1
Code= 0, Character= shutdownX
Code= 0, Character= shutdownX
Code= 0, Character= shutdownX
